2021-04-30 13:14:12,572 : INFO : logicallog : [4390, 5535, 4575]
2021-04-30 13:19:10,521 : INFO : logicallog : Total number of bets = 1996
2021-04-30 13:19:10,521 : INFO : logicallog : Total win = 996
2021-04-30 13:19:10,521 : INFO : logicallog : win percentage  =49.899799599198396
2021-04-30 13:19:10,521 : INFO : logicallog : loss percentage =50.1002004008016
2021-04-30 13:22:30,504 : INFO : logicallog : 00:00:01
2021-04-30 14:05:02,724 : ERROR : logicallog : Exception occured
Traceback (most recent call last):
  File "C:\Users\GENIUS\PycharmProjects\logical\tic_tac_toe.py", line 111, in <module>
    print_board()
  File "C:\Users\GENIUS\PycharmProjects\logical\tic_tac_toe.py", line 37, in print_board
    logger.info(char, end=end)
  File "C:\Users\GENIUS\AppData\Local\Programs\Python\Python39\lib\logging\__init__.py", line 1446, in info
    self._log(INFO, msg, args, **kwargs)
TypeError: _log() got an unexpected keyword argument 'end'
2021-04-30 14:05:16,645 : ERROR : logicallog : Exception occured
Traceback (most recent call last):
  File "C:\Users\GENIUS\PycharmProjects\logical\tic_tac_toe.py", line 112, in <module>
    logger.info('Make your move ! [1-9] : ', end='')
  File "C:\Users\GENIUS\AppData\Local\Programs\Python\Python39\lib\logging\__init__.py", line 1446, in info
    self._log(INFO, msg, args, **kwargs)
TypeError: _log() got an unexpected keyword argument 'end'
2021-04-30 14:05:39,622 : INFO : logicallog : Make your move ! [1-9] : 
2021-04-30 14:05:39,622 : ERROR : logicallog : Exception occured
Traceback (most recent call last):
  File "C:\Users\GENIUS\PycharmProjects\logical\tic_tac_toe.py", line 112, in <module>
    logger.info('Make your move ! [1-9] : ')(end='')
TypeError: 'NoneType' object is not callable
2021-04-30 14:06:29,971 : INFO : logicallog : Make your move ! [1-9] : 
2021-04-30 14:06:36,387 : INFO : logicallog : Make your move ! [1-9] : 
2021-04-30 14:06:40,176 : INFO : logicallog : Make your move ! [1-9] : 
2021-04-30 14:06:44,259 : INFO : logicallog : Make your move ! [1-9] : 
2021-04-30 14:06:51,927 : INFO : logicallog : Make your move ! [1-9] : 
2021-04-30 14:06:56,710 : INFO : logicallog : -----! Drawn, No Space Left on the board !-----
